<?xml version="1.0" encoding="UTF-8"?>
<testng-results skipped="0" failed="0" ignored="0" total="1" passed="1">
  <reporter-output>
  </reporter-output>
  <suite name="Default suite" duration-ms="97183" started-at="2021-02-15T19:09:50 IST" finished-at="2021-02-15T19:11:27 IST">
    <groups>
    </groups>
    <test name="Default test" duration-ms="97183" started-at="2021-02-15T19:09:50 IST" finished-at="2021-02-15T19:11:27 IST">
      <class name="IBMSelenium.com.learning.ABtest">
        <test-method status="PASS" signature="f()[pri:0, instance:IBMSelenium.com.learning.ABtest@1f554b06]" name="f" duration-ms="97101" started-at="2021-02-15T19:09:50 IST" finished-at="2021-02-15T19:11:27 IST">
          <reporter-output>
          </reporter-output>
        </test-method> <!-- f -->
      </class> <!-- IBMSelenium.com.learning.ABtest -->
    </test> <!-- Default test -->
  </suite> <!-- Default suite -->
</testng-results>
